{"/Users/imac/Data/101digital/step-up-component/src/context/stepup-context.ts": {"path":"/Users/imac/Data/101digital/step-up-component/src/context/stepup-context.ts","statementMap":{"0":{"start":{"line":1,"column":0},"end":{"line":1,"column":62}},"1":{"start":{"line":2,"column":0},"end":{"line":2,"column":58}},"2":{"start":{"line":18,"column":13},"end":{"line":24,"column":2}},"3":{"start":{"line":19,"column":24},"end":{"line":19,"column":null}},"4":{"start":{"line":19,"column":25},"end":{"line":19,"column":null}},"5":{"start":{"line":21,"column":35},"end":{"line":21,"column":null}},"6":{"start":{"line":21,"column":36},"end":{"line":21,"column":null}},"7":{"start":{"line":22,"column":23},"end":{"line":22,"column":28}},"8":{"start":{"line":23,"column":41},"end":{"line":23,"column":null}},"9":{"start":{"line":23,"column":42},"end":{"line":23,"column":null}},"10":{"start":{"line":26,"column":30},"end":{"line":26,"column":54}},"11":{"start":{"line":28,"column":13},"end":{"line":29,"column":61}},"12":{"start":{"line":32,"column":55},"end":{"line":32,"column":79}},"13":{"start":{"line":33,"column":38},"end":{"line":33,"column":56}},"14":{"start":{"line":35,"column":20},"end":{"line":42,"column":8}},"15":{"start":{"line":35,"column":43},"end":{"line":42,"column":5}},"16":{"start":{"line":36,"column":4},"end":{"line":41,"column":null}},"17":{"start":{"line":38,"column":6},"end":{"line":38,"column":18}},"18":{"start":{"line":40,"column":6},"end":{"line":40,"column":19}},"19":{"start":{"line":44,"column":37},"end":{"line":61,"column":null}},"20":{"start":{"line":45,"column":64},"end":{"line":60,"column":null}},"21":{"start":{"line":46,"column":35},"end":{"line":52,"column":8}},"22":{"start":{"line":54,"column":6},"end":{"line":59,"column":null}},"23":{"start":{"line":55,"column":8},"end":{"line":55,"column":63}},"24":{"start":{"line":56,"column":8},"end":{"line":56,"column":20}},"25":{"start":{"line":58,"column":8},"end":{"line":58,"column":21}},"26":{"start":{"line":64,"column":31},"end":{"line":80,"column":18}},"27":{"start":{"line":64,"column":54},"end":{"line":80,"column":5}},"28":{"start":{"line":65,"column":4},"end":{"line":79,"column":null}},"29":{"start":{"line":66,"column":6},"end":{"line":75,"column":null}},"30":{"start":{"line":67,"column":29},"end":{"line":67,"column":78}},"31":{"start":{"line":69,"column":8},"end":{"line":73,"column":null}},"32":{"start":{"line":70,"column":10},"end":{"line":72,"column":12}},"33":{"start":{"line":74,"column":8},"end":{"line":74,"column":20}},"34":{"start":{"line":76,"column":6},"end":{"line":76,"column":19}},"35":{"start":{"line":78,"column":6},"end":{"line":78,"column":19}},"36":{"start":{"line":82,"column":2},"end":{"line":92,"column":4}},"37":{"start":{"line":83,"column":11},"end":{"line":90,"column":6}},"38":{"start":{"line":31,"column":0},"end":{"line":31,"column":16}}},"fnMap":{"0":{"name":"(anonymous_13)","decl":{"start":{"line":19,"column":13},"end":{"line":19,"column":22}},"loc":{"start":{"line":19,"column":24},"end":{"line":19,"column":null}}},"1":{"name":"(anonymous_14)","decl":{"start":{"line":19,"column":24},"end":{"line":19,"column":25}},"loc":{"start":{"line":19,"column":24},"end":{"line":19,"column":null}}},"2":{"name":"(anonymous_15)","decl":{"start":{"line":21,"column":24},"end":{"line":21,"column":33}},"loc":{"start":{"line":21,"column":35},"end":{"line":21,"column":null}}},"3":{"name":"(anonymous_16)","decl":{"start":{"line":21,"column":35},"end":{"line":21,"column":36}},"loc":{"start":{"line":21,"column":35},"end":{"line":21,"column":null}}},"4":{"name":"(anonymous_17)","decl":{"start":{"line":22,"column":17},"end":{"line":22,"column":20}},"loc":{"start":{"line":22,"column":23},"end":{"line":22,"column":28}}},"5":{"name":"(anonymous_18)","decl":{"start":{"line":23,"column":30},"end":{"line":23,"column":39}},"loc":{"start":{"line":23,"column":41},"end":{"line":23,"column":null}}},"6":{"name":"(anonymous_19)","decl":{"start":{"line":23,"column":41},"end":{"line":23,"column":42}},"loc":{"start":{"line":23,"column":41},"end":{"line":23,"column":null}}},"7":{"name":"useStepUpContextValue","decl":{"start":{"line":31,"column":16},"end":{"line":31,"column":37}},"loc":{"start":{"line":31,"column":37},"end":{"line":93,"column":1}}},"8":{"name":"(anonymous_21)","decl":{"start":{"line":35,"column":32},"end":{"line":35,"column":41}},"loc":{"start":{"line":35,"column":43},"end":{"line":42,"column":5}}},"9":{"name":"(anonymous_22)","decl":{"start":{"line":35,"column":43},"end":{"line":35,"column":null}},"loc":{"start":{"line":35,"column":43},"end":{"line":42,"column":3}}},"10":{"name":"(anonymous_23)","decl":{"start":{"line":45,"column":4},"end":{"line":45,"column":11}},"loc":{"start":{"line":45,"column":64},"end":{"line":60,"column":null}}},"11":{"name":"(anonymous_24)","decl":{"start":{"line":45,"column":64},"end":{"line":45,"column":null}},"loc":{"start":{"line":45,"column":64},"end":{"line":60,"column":5}}},"12":{"name":"(anonymous_25)","decl":{"start":{"line":64,"column":43},"end":{"line":64,"column":52}},"loc":{"start":{"line":64,"column":54},"end":{"line":80,"column":5}}},"13":{"name":"(anonymous_26)","decl":{"start":{"line":64,"column":54},"end":{"line":64,"column":null}},"loc":{"start":{"line":64,"column":54},"end":{"line":80,"column":3}}},"14":{"name":"(anonymous_27)","decl":{"start":{"line":83,"column":4},"end":{"line":83,"column":7}},"loc":{"start":{"line":83,"column":11},"end":{"line":90,"column":6}}}},"branchMap":{"0":{"loc":{"start":{"line":66,"column":6},"end":{"line":75,"column":null}},"type":"if","locations":[{"start":{"line":66,"column":6},"end":{"line":75,"column":null}}]},"1":{"loc":{"start":{"line":69,"column":8},"end":{"line":73,"column":null}},"type":"if","locations":[{"start":{"line":69,"column":8},"end":{"line":73,"column":null}}]},"2":{"loc":{"start":{"line":69,"column":12},"end":{"line":69,"column":66}},"type":"binary-expr","locations":[{"start":{"line":69,"column":12},"end":{"line":69,"column":24}},{"start":{"line":69,"column":28},"end":{"line":69,"column":64}}]},"3":{"loc":{"start":{"line":69,"column":28},"end":{"line":69,"column":64}},"type":"cond-expr","locations":[{"start":{"line":69,"column":58},"end":{"line":69,"column":60}},{"start":{"line":69,"column":58},"end":{"line":69,"column":64}}]},"4":{"loc":{"start":{"line":69,"column":28},"end":{"line":69,"column":60}},"type":"binary-expr","locations":[{"start":{"line":69,"column":28},"end":{"line":69,"column":60}},{"start":{"line":69,"column":58},"end":{"line":69,"column":60}}]}},"s":{"0":0,"1":0,"2":0,"3":0,"4":0,"5":0,"6":0,"7":0,"8":0,"9":0,"10":0,"11":0,"12":0,"13":0,"14":0,"15":0,"16":0,"17":0,"18":0,"19":0,"20":0,"21":0,"22":0,"23":0,"24":0,"25":0,"26":0,"27":0,"28":0,"29":0,"30":0,"31":0,"32":0,"33":0,"34":0,"35":0,"36":0,"37":0,"38":0},"f":{"0":0,"1":0,"2":0,"3":0,"4":0,"5":0,"6":0,"7":0,"8":0,"9":0,"10":0,"11":0,"12":0,"13":0,"14":0},"b":{"0":[0],"1":[0],"2":[0,0],"3":[0,0],"4":[0,0]}}
,"/Users/imac/Data/101digital/step-up-component/src/service/stepup-service.ts": {"path":"/Users/imac/Data/101digital/step-up-component/src/service/stepup-service.ts","statementMap":{"0":{"start":{"line":1,"column":0},"end":{"line":1,"column":80}},"1":{"start":{"line":2,"column":0},"end":{"line":2,"column":20}},"2":{"start":{"line":3,"column":0},"end":{"line":3,"column":56}},"3":{"start":{"line":4,"column":0},"end":{"line":4,"column":59}},"4":{"start":{"line":5,"column":0},"end":{"line":5,"column":35}},"5":{"start":{"line":33,"column":4},"end":{"line":33,"column":28}},"6":{"start":{"line":37,"column":4},"end":{"line":37,"column":33}},"7":{"start":{"line":38,"column":4},"end":{"line":38,"column":22}},"8":{"start":{"line":42,"column":4},"end":{"line":42,"column":60}},"9":{"start":{"line":43,"column":4},"end":{"line":49,"column":6}},"10":{"start":{"line":45,"column":8},"end":{"line":47,"column":null}},"11":{"start":{"line":46,"column":10},"end":{"line":46,"column":54}},"12":{"start":{"line":30,"column":10},"end":{"line":30,"column":40}},"13":{"start":{"line":65,"column":9},"end":{"line":68,"column":4}},"14":{"start":{"line":65,"column":43},"end":{"line":68,"column":4}},"15":{"start":{"line":66,"column":21},"end":{"line":66,"column":41}},"16":{"start":{"line":67,"column":4},"end":{"line":67,"column":25}},"17":{"start":{"line":70,"column":9},"end":{"line":86,"column":4}},"18":{"start":{"line":70,"column":67},"end":{"line":86,"column":4}},"19":{"start":{"line":71,"column":60},"end":{"line":71,"column":79}},"20":{"start":{"line":72,"column":29},"end":{"line":72,"column":39}},"21":{"start":{"line":73,"column":17},"end":{"line":79,"column":6}},"22":{"start":{"line":81,"column":21},"end":{"line":81,"column":70}},"23":{"start":{"line":82,"column":25},"end":{"line":82,"column":51}},"24":{"start":{"line":83,"column":21},"end":{"line":83,"column":43}},"25":{"start":{"line":84,"column":4},"end":{"line":84,"column":51}},"26":{"start":{"line":85,"column":4},"end":{"line":85,"column":51}},"27":{"start":{"line":88,"column":9},"end":{"line":113,"column":4}},"28":{"start":{"line":88,"column":62},"end":{"line":113,"column":4}},"29":{"start":{"line":90,"column":6},"end":{"line":90,"column":25}},"30":{"start":{"line":91,"column":4},"end":{"line":112,"column":null}},"31":{"start":{"line":92,"column":32},"end":{"line":92,"column":59}},"32":{"start":{"line":93,"column":27},"end":{"line":105,"column":8}},"33":{"start":{"line":106,"column":6},"end":{"line":108,"column":null}},"34":{"start":{"line":107,"column":8},"end":{"line":107,"column":33}},"35":{"start":{"line":109,"column":6},"end":{"line":109,"column":18}},"36":{"start":{"line":111,"column":6},"end":{"line":111,"column":19}},"37":{"start":{"line":115,"column":9},"end":{"line":122,"column":4}},"38":{"start":{"line":115,"column":65},"end":{"line":122,"column":4}},"39":{"start":{"line":116,"column":26},"end":{"line":116,"column":45}},"40":{"start":{"line":117,"column":4},"end":{"line":121,"column":null}},"41":{"start":{"line":118,"column":6},"end":{"line":118,"column":50}},"42":{"start":{"line":120,"column":6},"end":{"line":120,"column":39}},"43":{"start":{"line":53,"column":4},"end":{"line":57,"column":null}},"44":{"start":{"line":54,"column":6},"end":{"line":56,"column":8}},"45":{"start":{"line":58,"column":4},"end":{"line":58,"column":35}},"46":{"start":{"line":62,"column":4},"end":{"line":62,"column":35}},"47":{"start":{"line":27,"column":0},"end":{"line":27,"column":13}},"48":{"start":{"line":28,"column":17},"end":{"line":28,"column":64}}},"fnMap":{"0":{"name":"(anonymous_8)","decl":{"start":{"line":32,"column":9},"end":{"line":32,"column":18}},"loc":{"start":{"line":32,"column":49},"end":{"line":34,"column":3}}},"1":{"name":"(anonymous_9)","decl":{"start":{"line":36,"column":10},"end":{"line":36,"column":30}},"loc":{"start":{"line":36,"column":30},"end":{"line":39,"column":3}}},"2":{"name":"(anonymous_10)","decl":{"start":{"line":41,"column":15},"end":{"line":41,"column":23}},"loc":{"start":{"line":41,"column":37},"end":{"line":50,"column":null}}},"3":{"name":"(anonymous_12)","decl":{"start":{"line":44,"column":6},"end":{"line":44,"column":7}},"loc":{"start":{"line":44,"column":25},"end":{"line":48,"column":7}}},"4":{"name":"(anonymous_13)","decl":{"start":{"line":52,"column":2},"end":{"line":52,"column":null}},"loc":{"start":{"line":52,"column":2},"end":{"line":59,"column":3}}},"5":{"name":"(anonymous_14)","decl":{"start":{"line":65,"column":21},"end":{"line":65,"column":28}},"loc":{"start":{"line":65,"column":43},"end":{"line":68,"column":4}}},"6":{"name":"(anonymous_15)","decl":{"start":{"line":65,"column":43},"end":{"line":65,"column":null}},"loc":{"start":{"line":65,"column":43},"end":{"line":68,"column":3}}},"7":{"name":"(anonymous_16)","decl":{"start":{"line":70,"column":35},"end":{"line":70,"column":42}},"loc":{"start":{"line":70,"column":67},"end":{"line":86,"column":4}}},"8":{"name":"(anonymous_17)","decl":{"start":{"line":70,"column":67},"end":{"line":70,"column":null}},"loc":{"start":{"line":70,"column":67},"end":{"line":86,"column":3}}},"9":{"name":"(anonymous_18)","decl":{"start":{"line":88,"column":29},"end":{"line":88,"column":36}},"loc":{"start":{"line":88,"column":62},"end":{"line":113,"column":4}}},"10":{"name":"(anonymous_19)","decl":{"start":{"line":88,"column":62},"end":{"line":88,"column":null}},"loc":{"start":{"line":88,"column":62},"end":{"line":113,"column":3}}},"11":{"name":"(anonymous_20)","decl":{"start":{"line":115,"column":32},"end":{"line":115,"column":39}},"loc":{"start":{"line":115,"column":65},"end":{"line":122,"column":4}}},"12":{"name":"(anonymous_21)","decl":{"start":{"line":115,"column":65},"end":{"line":115,"column":null}},"loc":{"start":{"line":115,"column":65},"end":{"line":122,"column":3}}},"13":{"name":"(anonymous_22)","decl":{"start":{"line":61,"column":9},"end":{"line":61,"column":15}},"loc":{"start":{"line":61,"column":24},"end":{"line":63,"column":3}}}},"branchMap":{"0":{"loc":{"start":{"line":45,"column":8},"end":{"line":47,"column":null}},"type":"if","locations":[{"start":{"line":45,"column":8},"end":{"line":47,"column":null}}]},"1":{"loc":{"start":{"line":45,"column":12},"end":{"line":45,"column":63}},"type":"binary-expr","locations":[{"start":{"line":45,"column":12},"end":{"line":45,"column":46}},{"start":{"line":45,"column":50},"end":{"line":45,"column":63}}]},"2":{"loc":{"start":{"line":71,"column":60},"end":{"line":71,"column":79}},"type":"binary-expr","locations":[{"start":{"line":71,"column":60},"end":{"line":71,"column":73}},{"start":{"line":71,"column":77},"end":{"line":71,"column":79}}]},"3":{"loc":{"start":{"line":90,"column":6},"end":{"line":90,"column":25}},"type":"binary-expr","locations":[{"start":{"line":90,"column":6},"end":{"line":90,"column":19}},{"start":{"line":90,"column":23},"end":{"line":90,"column":25}}]},"4":{"loc":{"start":{"line":103,"column":17},"end":{"line":103,"column":44}},"type":"cond-expr","locations":[{"start":{"line":103,"column":30},"end":{"line":103,"column":32}},{"start":{"line":103,"column":30},"end":{"line":103,"column":44}}]},"5":{"loc":{"start":{"line":103,"column":17},"end":{"line":103,"column":32}},"type":"binary-expr","locations":[{"start":{"line":103,"column":17},"end":{"line":103,"column":32}},{"start":{"line":103,"column":30},"end":{"line":103,"column":32}}]},"6":{"loc":{"start":{"line":106,"column":6},"end":{"line":108,"column":null}},"type":"if","locations":[{"start":{"line":106,"column":6},"end":{"line":108,"column":null}}]},"7":{"loc":{"start":{"line":116,"column":26},"end":{"line":116,"column":45}},"type":"binary-expr","locations":[{"start":{"line":116,"column":26},"end":{"line":116,"column":39}},{"start":{"line":116,"column":43},"end":{"line":116,"column":45}}]},"8":{"loc":{"start":{"line":117,"column":4},"end":{"line":121,"column":null}},"type":"if","locations":[{"start":{"line":117,"column":4},"end":{"line":121,"column":null}},{"start":{"line":119,"column":11},"end":{"line":121,"column":null}}]},"9":{"loc":{"start":{"line":53,"column":4},"end":{"line":57,"column":null}},"type":"if","locations":[{"start":{"line":53,"column":4},"end":{"line":57,"column":null}}]}},"s":{"0":2,"1":2,"2":2,"3":2,"4":2,"5":1,"6":1,"7":1,"8":0,"9":0,"10":0,"11":0,"12":2,"13":2,"14":1,"15":1,"16":1,"17":2,"18":0,"19":0,"20":0,"21":0,"22":0,"23":0,"24":0,"25":0,"26":0,"27":2,"28":1,"29":1,"30":1,"31":1,"32":1,"33":1,"34":1,"35":0,"36":0,"37":2,"38":2,"39":2,"40":2,"41":2,"42":0,"43":2,"44":0,"45":2,"46":4,"47":2,"48":2},"f":{"0":1,"1":1,"2":0,"3":0,"4":2,"5":1,"6":1,"7":0,"8":0,"9":1,"10":1,"11":2,"12":2,"13":4},"b":{"0":[0],"1":[0,0],"2":[0,0],"3":[1,0],"4":[0,1],"5":[1,1],"6":[1],"7":[2,0],"8":[2,0],"9":[0]}}
}
