TN:
SF:src/context/stepup-context.ts
FN:19,(anonymous_13)
FN:19,(anonymous_14)
FN:21,(anonymous_15)
FN:21,(anonymous_16)
FN:22,(anonymous_17)
FN:23,(anonymous_18)
FN:23,(anonymous_19)
FN:31,useStepUpContextValue
FN:35,(anonymous_21)
FN:35,(anonymous_22)
FN:45,(anonymous_23)
FN:45,(anonymous_24)
FN:64,(anonymous_25)
FN:64,(anonymous_26)
FN:83,(anonymous_27)
FNF:15
FNH:0
FNDA:0,(anonymous_13)
FNDA:0,(anonymous_14)
FNDA:0,(anonymous_15)
FNDA:0,(anonymous_16)
FNDA:0,(anonymous_17)
FNDA:0,(anonymous_18)
FNDA:0,(anonymous_19)
FNDA:0,useStepUpContextValue
FNDA:0,(anonymous_21)
FNDA:0,(anonymous_22)
FNDA:0,(anonymous_23)
FNDA:0,(anonymous_24)
FNDA:0,(anonymous_25)
FNDA:0,(anonymous_26)
FNDA:0,(anonymous_27)
DA:1,0
DA:2,0
DA:18,0
DA:19,0
DA:21,0
DA:22,0
DA:23,0
DA:26,0
DA:28,0
DA:31,0
DA:32,0
DA:33,0
DA:35,0
DA:36,0
DA:38,0
DA:40,0
DA:44,0
DA:45,0
DA:46,0
DA:54,0
DA:55,0
DA:56,0
DA:58,0
DA:64,0
DA:65,0
DA:66,0
DA:67,0
DA:69,0
DA:70,0
DA:74,0
DA:76,0
DA:78,0
DA:82,0
DA:83,0
LF:34
LH:0
BRDA:66,0,0,0
BRDA:69,1,0,0
BRDA:69,2,0,0
BRDA:69,2,1,0
BRDA:69,3,0,0
BRDA:69,3,1,0
BRDA:69,4,0,0
BRDA:69,4,1,0
BRF:8
BRH:0
end_of_record
TN:
SF:src/service/stepup-service.ts
FN:32,(anonymous_8)
FN:36,(anonymous_9)
FN:41,(anonymous_10)
FN:44,(anonymous_12)
FN:52,(anonymous_13)
FN:65,(anonymous_14)
FN:65,(anonymous_15)
FN:70,(anonymous_16)
FN:70,(anonymous_17)
FN:88,(anonymous_18)
FN:88,(anonymous_19)
FN:115,(anonymous_20)
FN:115,(anonymous_21)
FN:61,(anonymous_22)
FNF:14
FNH:10
FNDA:1,(anonymous_8)
FNDA:1,(anonymous_9)
FNDA:0,(anonymous_10)
FNDA:0,(anonymous_12)
FNDA:2,(anonymous_13)
FNDA:1,(anonymous_14)
FNDA:1,(anonymous_15)
FNDA:0,(anonymous_16)
FNDA:0,(anonymous_17)
FNDA:1,(anonymous_18)
FNDA:1,(anonymous_19)
FNDA:1,(anonymous_20)
FNDA:1,(anonymous_21)
FNDA:3,(anonymous_22)
DA:1,2
DA:2,2
DA:3,2
DA:4,2
DA:5,2
DA:27,2
DA:28,2
DA:30,2
DA:33,1
DA:37,1
DA:38,1
DA:42,0
DA:43,0
DA:45,0
DA:46,0
DA:53,2
DA:54,0
DA:58,2
DA:62,3
DA:65,2
DA:66,1
DA:67,1
DA:70,2
DA:71,0
DA:72,0
DA:73,0
DA:81,0
DA:82,0
DA:83,0
DA:84,0
DA:85,0
DA:88,2
DA:90,1
DA:91,1
DA:92,1
DA:93,1
DA:106,1
DA:107,1
DA:109,0
DA:111,0
DA:115,2
DA:116,1
DA:117,1
DA:118,1
DA:120,0
LF:45
LH:29
BRDA:45,0,0,0
BRDA:45,1,0,0
BRDA:45,1,1,0
BRDA:71,2,0,0
BRDA:71,2,1,0
BRDA:90,3,0,1
BRDA:90,3,1,0
BRDA:103,4,0,0
BRDA:103,4,1,1
BRDA:103,5,0,1
BRDA:103,5,1,1
BRDA:106,6,0,1
BRDA:116,7,0,1
BRDA:116,7,1,0
BRDA:117,8,0,1
BRDA:117,8,1,0
BRDA:53,9,0,0
BRF:17
BRH:7
end_of_record
